2022-05-05T12:35:08+00:00 CRITICAL Uncaught Error: Call to undefined function trusted_tel_login_cart() in /var/www/html/wp-content/themes/diamondnautica/header.php:93
Stack trace:
#0 /var/www/html/wp-includes/template.php(770): require_once()
#1 /var/www/html/wp-includes/template.php(716): load_template('/var/www/html/w...', true, Array)
#2 /var/www/html/wp-includes/general-template.php(48): locate_template(Array, true, true, Array)
#3 /var/www/html/wp-content/themes/diamondnautica/index.php(4): get_header()
#4 /var/www/html/wp-includes/template-loader.php(106): include('/var/www/html/w...')
#5 /var/www/html/wp-blog-header.php(19): require_once('/var/www/html/w...')
#6 /var/www/html/index.php(17): require('/var/www/html/w...')
#7 {main}
  thrown, em /var/www/html/wp-content/themes/diamondnautica/header.php, na linha 93

2022-05-05T12:35:27+00:00 CRITICAL Uncaught Error: Call to undefined function trusted_tel_login_cart() in /var/www/html/wp-content/themes/diamondnautica/header.php:93
Stack trace:
#0 /var/www/html/wp-includes/template.php(770): require_once()
#1 /var/www/html/wp-includes/template.php(716): load_template('/var/www/html/w...', true, Array)
#2 /var/www/html/wp-includes/general-template.php(48): locate_template(Array, true, true, Array)
#3 /var/www/html/wp-content/themes/diamondnautica/index.php(4): get_header()
#4 /var/www/html/wp-includes/template-loader.php(106): include('/var/www/html/w...')
#5 /var/www/html/wp-blog-header.php(19): require_once('/var/www/html/w...')
#6 /var/www/html/index.php(17): require('/var/www/html/w...')
#7 {main}
  thrown, em /var/www/html/wp-content/themes/diamondnautica/header.php, na linha 93

2022-05-05T12:35:44+00:00 CRITICAL Uncaught Error: Call to undefined function trusted_tel_login_cart() in /var/www/html/wp-content/themes/diamondnautica/header.php:93
Stack trace:
#0 /var/www/html/wp-includes/template.php(770): require_once()
#1 /var/www/html/wp-includes/template.php(716): load_template('/var/www/html/w...', true, Array)
#2 /var/www/html/wp-includes/general-template.php(48): locate_template(Array, true, true, Array)
#3 /var/www/html/wp-content/themes/diamondnautica/index.php(4): get_header()
#4 /var/www/html/wp-includes/template-loader.php(106): include('/var/www/html/w...')
#5 /var/www/html/wp-blog-header.php(19): require_once('/var/www/html/w...')
#6 /var/www/html/index.php(17): require('/var/www/html/w...')
#7 {main}
  thrown, em /var/www/html/wp-content/themes/diamondnautica/header.php, na linha 93

2022-05-05T12:36:11+00:00 CRITICAL Uncaught Error: Call to undefined function trusted_tel_login_cart() in /var/www/html/wp-content/themes/diamondnautica/header.php:93
Stack trace:
#0 /var/www/html/wp-includes/template.php(770): require_once()
#1 /var/www/html/wp-includes/template.php(716): load_template('/var/www/html/w...', true, Array)
#2 /var/www/html/wp-includes/general-template.php(48): locate_template(Array, true, true, Array)
#3 /var/www/html/wp-content/themes/diamondnautica/index.php(4): get_header()
#4 /var/www/html/wp-includes/template-loader.php(106): include('/var/www/html/w...')
#5 /var/www/html/wp-blog-header.php(19): require_once('/var/www/html/w...')
#6 /var/www/html/index.php(17): require('/var/www/html/w...')
#7 {main}
  thrown, em /var/www/html/wp-content/themes/diamondnautica/header.php, na linha 93

2022-05-05T12:36:58+00:00 CRITICAL Uncaught Error: Call to undefined function trusted_tel_login_cart() in /var/www/html/wp-content/themes/diamondnautica/header.php:93
Stack trace:
#0 /var/www/html/wp-includes/template.php(770): require_once()
#1 /var/www/html/wp-includes/template.php(716): load_template('/var/www/html/w...', true, Array)
#2 /var/www/html/wp-includes/general-template.php(48): locate_template(Array, true, true, Array)
#3 /var/www/html/wp-content/themes/diamondnautica/index.php(4): get_header()
#4 /var/www/html/wp-includes/template-loader.php(106): include('/var/www/html/w...')
#5 /var/www/html/wp-blog-header.php(19): require_once('/var/www/html/w...')
#6 /var/www/html/index.php(17): require('/var/www/html/w...')
#7 {main}
  thrown, em /var/www/html/wp-content/themes/diamondnautica/header.php, na linha 93

2022-05-05T12:37:31+00:00 CRITICAL Uncaught Error: Call to undefined function trusted_tel_login_cart() in /var/www/html/wp-content/themes/diamondnautica/header.php:93
Stack trace:
#0 /var/www/html/wp-includes/template.php(770): require_once()
#1 /var/www/html/wp-includes/template.php(716): load_template('/var/www/html/w...', true, Array)
#2 /var/www/html/wp-includes/general-template.php(48): locate_template(Array, true, true, Array)
#3 /var/www/html/wp-content/themes/diamondnautica/index.php(4): get_header()
#4 /var/www/html/wp-includes/template-loader.php(106): include('/var/www/html/w...')
#5 /var/www/html/wp-blog-header.php(19): require_once('/var/www/html/w...')
#6 /var/www/html/index.php(17): require('/var/www/html/w...')
#7 {main}
  thrown, em /var/www/html/wp-content/themes/diamondnautica/header.php, na linha 93

