2022-05-12T19:42:05+00:00 CRITICAL Uncaught Error: Call to undefined function trusted_tel_login_cart() in /var/www/html/wp-content/themes/diamondnautica/header.php:93
Stack trace:
#0 /var/www/html/wp-includes/template.php(770): require_once()
#1 /var/www/html/wp-includes/template.php(716): load_template('/var/www/html/w...', true, Array)
#2 /var/www/html/wp-includes/general-template.php(48): locate_template(Array, true, true, Array)
#3 /var/www/html/wp-content/themes/diamondnautica/index.php(4): get_header()
#4 /var/www/html/wp-includes/template-loader.php(106): include('/var/www/html/w...')
#5 /var/www/html/wp-blog-header.php(19): require_once('/var/www/html/w...')
#6 /var/www/html/index.php(17): require('/var/www/html/w...')
#7 {main}
  thrown, em /var/www/html/wp-content/themes/diamondnautica/header.php, na linha 93

2022-05-12T19:45:00+00:00 CRITICAL Uncaught Error: Call to undefined function trusted_tel_login_cart() in /var/www/html/wp-content/themes/diamondnautica/header.php:93
Stack trace:
#0 /var/www/html/wp-includes/template.php(770): require_once()
#1 /var/www/html/wp-includes/template.php(716): load_template('/var/www/html/w...', true, Array)
#2 /var/www/html/wp-includes/general-template.php(48): locate_template(Array, true, true, Array)
#3 /var/www/html/wp-content/themes/diamondnautica/index.php(4): get_header()
#4 /var/www/html/wp-includes/template-loader.php(106): include('/var/www/html/w...')
#5 /var/www/html/wp-blog-header.php(19): require_once('/var/www/html/w...')
#6 /var/www/html/index.php(17): require('/var/www/html/w...')
#7 {main}
  thrown, em /var/www/html/wp-content/themes/diamondnautica/header.php, na linha 93

2022-05-12T19:45:05+00:00 CRITICAL Uncaught Error: Call to undefined function trusted_tel_login_cart() in /var/www/html/wp-content/themes/diamondnautica/header.php:93
Stack trace:
#0 /var/www/html/wp-includes/template.php(770): require_once()
#1 /var/www/html/wp-includes/template.php(716): load_template('/var/www/html/w...', true, Array)
#2 /var/www/html/wp-includes/general-template.php(48): locate_template(Array, true, true, Array)
#3 /var/www/html/wp-content/themes/diamondnautica/index.php(4): get_header()
#4 /var/www/html/wp-includes/template-loader.php(106): include('/var/www/html/w...')
#5 /var/www/html/wp-blog-header.php(19): require_once('/var/www/html/w...')
#6 /var/www/html/index.php(17): require('/var/www/html/w...')
#7 {main}
  thrown, em /var/www/html/wp-content/themes/diamondnautica/header.php, na linha 93

2022-05-12T19:45:34+00:00 CRITICAL Uncaught Error: Call to undefined function trusted_tel_login_cart() in /var/www/html/wp-content/themes/diamondnautica/header.php:93
Stack trace:
#0 /var/www/html/wp-includes/template.php(770): require_once()
#1 /var/www/html/wp-includes/template.php(716): load_template('/var/www/html/w...', true, Array)
#2 /var/www/html/wp-includes/general-template.php(48): locate_template(Array, true, true, Array)
#3 /var/www/html/wp-content/themes/diamondnautica/index.php(4): get_header()
#4 /var/www/html/wp-includes/template-loader.php(106): include('/var/www/html/w...')
#5 /var/www/html/wp-blog-header.php(19): require_once('/var/www/html/w...')
#6 /var/www/html/index.php(17): require('/var/www/html/w...')
#7 {main}
  thrown, em /var/www/html/wp-content/themes/diamondnautica/header.php, na linha 93

2022-05-12T19:53:19+00:00 CRITICAL Uncaught Error: Call to undefined function trusted_tel_login_cart() in /var/www/html/wp-content/themes/diamondnautica/header.php:93
Stack trace:
#0 /var/www/html/wp-includes/template.php(770): require_once()
#1 /var/www/html/wp-includes/template.php(716): load_template('/var/www/html/w...', true, Array)
#2 /var/www/html/wp-includes/general-template.php(48): locate_template(Array, true, true, Array)
#3 /var/www/html/wp-content/themes/diamondnautica/index.php(4): get_header()
#4 /var/www/html/wp-includes/template-loader.php(106): include('/var/www/html/w...')
#5 /var/www/html/wp-blog-header.php(19): require_once('/var/www/html/w...')
#6 /var/www/html/index.php(17): require('/var/www/html/w...')
#7 {main}
  thrown, em /var/www/html/wp-content/themes/diamondnautica/header.php, na linha 93

2022-05-12T19:59:28+00:00 CRITICAL Uncaught Error: Call to undefined function trusted_tel_login_cart() in /var/www/html/wp-content/themes/diamondnautica/header.php:93
Stack trace:
#0 /var/www/html/wp-includes/template.php(770): require_once()
#1 /var/www/html/wp-includes/template.php(716): load_template('/var/www/html/w...', true, Array)
#2 /var/www/html/wp-includes/general-template.php(48): locate_template(Array, true, true, Array)
#3 /var/www/html/wp-content/themes/diamondnautica/index.php(4): get_header()
#4 /var/www/html/wp-includes/template-loader.php(106): include('/var/www/html/w...')
#5 /var/www/html/wp-blog-header.php(19): require_once('/var/www/html/w...')
#6 /var/www/html/index.php(17): require('/var/www/html/w...')
#7 {main}
  thrown, em /var/www/html/wp-content/themes/diamondnautica/header.php, na linha 93

2022-05-12T20:00:17+00:00 CRITICAL Uncaught Error: Call to undefined function trusted_tel_login_cart() in /var/www/html/wp-content/themes/diamondnautica/header.php:93
Stack trace:
#0 /var/www/html/wp-includes/template.php(770): require_once()
#1 /var/www/html/wp-includes/template.php(716): load_template('/var/www/html/w...', true, Array)
#2 /var/www/html/wp-includes/general-template.php(48): locate_template(Array, true, true, Array)
#3 /var/www/html/wp-content/themes/diamondnautica/index.php(4): get_header()
#4 /var/www/html/wp-includes/template-loader.php(106): include('/var/www/html/w...')
#5 /var/www/html/wp-blog-header.php(19): require_once('/var/www/html/w...')
#6 /var/www/html/index.php(17): require('/var/www/html/w...')
#7 {main}
  thrown, em /var/www/html/wp-content/themes/diamondnautica/header.php, na linha 93

2022-05-12T20:00:29+00:00 CRITICAL Uncaught Error: Call to undefined function trusted_tel_login_cart() in /var/www/html/wp-content/themes/diamondnautica/header.php:93
Stack trace:
#0 /var/www/html/wp-includes/template.php(770): require_once()
#1 /var/www/html/wp-includes/template.php(716): load_template('/var/www/html/w...', true, Array)
#2 /var/www/html/wp-includes/general-template.php(48): locate_template(Array, true, true, Array)
#3 /var/www/html/wp-content/themes/diamondnautica/index.php(4): get_header()
#4 /var/www/html/wp-includes/template-loader.php(106): include('/var/www/html/w...')
#5 /var/www/html/wp-blog-header.php(19): require_once('/var/www/html/w...')
#6 /var/www/html/index.php(17): require('/var/www/html/w...')
#7 {main}
  thrown, em /var/www/html/wp-content/themes/diamondnautica/header.php, na linha 93

