2022-03-11T14:47:40+00:00 CRITICAL Uncaught Error: Class 'Client' not found in /var/www/html/wp-content/plugins/api-diamond-nautica/api-diamond-nautica.php:27
Stack trace:
#0 /var/www/html/wp-includes/rest-api/class-wp-rest-server.php(1141): respond_message(Object(WP_REST_Request))
#1 /var/www/html/wp-includes/rest-api/class-wp-rest-server.php(988): WP_REST_Server->respond_to_request(Object(WP_REST_Request), '/api-diamond-na...', Array, NULL)
#2 /var/www/html/wp-includes/rest-api/class-wp-rest-server.php(414): WP_REST_Server->dispatch(Object(WP_REST_Request))
#3 /var/www/html/wp-includes/rest-api.php(386): WP_REST_Server->serve_request('/api-diamond-na...')
#4 /var/www/html/wp-includes/class-wp-hook.php(307): rest_api_loaded(Object(WP))
#5 /var/www/html/wp-includes/class-wp-hook.php(331): WP_Hook->apply_filters(NULL, Array)
#6 /var/www/html/wp-includes/plugin.php(522): WP_Hook->do_action(Array)
#7 /var/www/html/wp-includes/class-wp.php(396): do_action_ref_array('parse_request', Array)
#8 /var/www/html/wp-includes/class-wp.php(758): WP->parse_r, em /var/www/html/wp-content/plugins/api-diamond-nautica/api-diamond-nautica.php, na linha 27

2022-03-11T18:30:14+00:00 CRITICAL Uncaught Error: Call to a member function set_status() on array in /var/www/html/wp-content/plugins/api-diamond-nautica/api-diamond-nautica.php:46
Stack trace:
#0 /var/www/html/wp-includes/rest-api/class-wp-rest-server.php(1141): respond_message(Object(WP_REST_Request))
#1 /var/www/html/wp-includes/rest-api/class-wp-rest-server.php(988): WP_REST_Server->respond_to_request(Object(WP_REST_Request), '/api-diamond-na...', Array, NULL)
#2 /var/www/html/wp-includes/rest-api/class-wp-rest-server.php(414): WP_REST_Server->dispatch(Object(WP_REST_Request))
#3 /var/www/html/wp-includes/rest-api.php(386): WP_REST_Server->serve_request('/api-diamond-na...')
#4 /var/www/html/wp-includes/class-wp-hook.php(307): rest_api_loaded(Object(WP))
#5 /var/www/html/wp-includes/class-wp-hook.php(331): WP_Hook->apply_filters(NULL, Array)
#6 /var/www/html/wp-includes/plugin.php(522): WP_Hook->do_action(Array)
#7 /var/www/html/wp-includes/class-wp.php(396): do_action_ref_array('parse_request', Array)
#8 /var/www/html/wp-includes/class-w, em /var/www/html/wp-content/plugins/api-diamond-nautica/api-diamond-nautica.php, na linha 46

2022-03-11T19:07:39+00:00 CRITICAL Uncaught Error: Call to undefined method WP_Post::get_price() in /var/www/html/wp-content/plugins/api-diamond-nautica/api-diamond-nautica.php:38
Stack trace:
#0 /var/www/html/wp-includes/rest-api/class-wp-rest-server.php(1141): respond_message(Object(WP_REST_Request))
#1 /var/www/html/wp-includes/rest-api/class-wp-rest-server.php(988): WP_REST_Server->respond_to_request(Object(WP_REST_Request), '/api-diamond-na...', Array, NULL)
#2 /var/www/html/wp-includes/rest-api/class-wp-rest-server.php(414): WP_REST_Server->dispatch(Object(WP_REST_Request))
#3 /var/www/html/wp-includes/rest-api.php(386): WP_REST_Server->serve_request('/api-diamond-na...')
#4 /var/www/html/wp-includes/class-wp-hook.php(307): rest_api_loaded(Object(WP))
#5 /var/www/html/wp-includes/class-wp-hook.php(331): WP_Hook->apply_filters(NULL, Array)
#6 /var/www/html/wp-includes/plugin.php(522): WP_Hook->do_action(Array)
#7 /var/www/html/wp-includes/class-wp.php(396): do_action_ref_array('parse_request', Array)
#8 /var/www/html/wp-includes/class-wp., em /var/www/html/wp-content/plugins/api-diamond-nautica/api-diamond-nautica.php, na linha 38

2022-03-11T19:08:16+00:00 CRITICAL Uncaught Error: Call to a member function get_price() on null in /var/www/html/wp-content/plugins/api-diamond-nautica/api-diamond-nautica.php:39
Stack trace:
#0 /var/www/html/wp-includes/rest-api/class-wp-rest-server.php(1141): respond_message(Object(WP_REST_Request))
#1 /var/www/html/wp-includes/rest-api/class-wp-rest-server.php(988): WP_REST_Server->respond_to_request(Object(WP_REST_Request), '/api-diamond-na...', Array, NULL)
#2 /var/www/html/wp-includes/rest-api/class-wp-rest-server.php(414): WP_REST_Server->dispatch(Object(WP_REST_Request))
#3 /var/www/html/wp-includes/rest-api.php(386): WP_REST_Server->serve_request('/api-diamond-na...')
#4 /var/www/html/wp-includes/class-wp-hook.php(307): rest_api_loaded(Object(WP))
#5 /var/www/html/wp-includes/class-wp-hook.php(331): WP_Hook->apply_filters(NULL, Array)
#6 /var/www/html/wp-includes/plugin.php(522): WP_Hook->do_action(Array)
#7 /var/www/html/wp-includes/class-wp.php(396): do_action_ref_array('parse_request', Array)
#8 /var/www/html/wp-includes/class-wp., em /var/www/html/wp-content/plugins/api-diamond-nautica/api-diamond-nautica.php, na linha 39

2022-03-11T19:08:30+00:00 CRITICAL Uncaught Error: Call to undefined method WP_Post::get_price() in /var/www/html/wp-content/plugins/api-diamond-nautica/api-diamond-nautica.php:38
Stack trace:
#0 /var/www/html/wp-includes/rest-api/class-wp-rest-server.php(1141): respond_message(Object(WP_REST_Request))
#1 /var/www/html/wp-includes/rest-api/class-wp-rest-server.php(988): WP_REST_Server->respond_to_request(Object(WP_REST_Request), '/api-diamond-na...', Array, NULL)
#2 /var/www/html/wp-includes/rest-api/class-wp-rest-server.php(414): WP_REST_Server->dispatch(Object(WP_REST_Request))
#3 /var/www/html/wp-includes/rest-api.php(386): WP_REST_Server->serve_request('/api-diamond-na...')
#4 /var/www/html/wp-includes/class-wp-hook.php(307): rest_api_loaded(Object(WP))
#5 /var/www/html/wp-includes/class-wp-hook.php(331): WP_Hook->apply_filters(NULL, Array)
#6 /var/www/html/wp-includes/plugin.php(522): WP_Hook->do_action(Array)
#7 /var/www/html/wp-includes/class-wp.php(396): do_action_ref_array('parse_request', Array)
#8 /var/www/html/wp-includes/class-wp., em /var/www/html/wp-content/plugins/api-diamond-nautica/api-diamond-nautica.php, na linha 38

2022-03-11T19:09:50+00:00 CRITICAL Uncaught Error: Call to a member function get_price() on null in /var/www/html/wp-content/plugins/api-diamond-nautica/api-diamond-nautica.php:32
Stack trace:
#0 /var/www/html/wp-includes/rest-api/class-wp-rest-server.php(1141): respond_message(Object(WP_REST_Request))
#1 /var/www/html/wp-includes/rest-api/class-wp-rest-server.php(988): WP_REST_Server->respond_to_request(Object(WP_REST_Request), '/api-diamond-na...', Array, NULL)
#2 /var/www/html/wp-includes/rest-api/class-wp-rest-server.php(414): WP_REST_Server->dispatch(Object(WP_REST_Request))
#3 /var/www/html/wp-includes/rest-api.php(386): WP_REST_Server->serve_request('/api-diamond-na...')
#4 /var/www/html/wp-includes/class-wp-hook.php(307): rest_api_loaded(Object(WP))
#5 /var/www/html/wp-includes/class-wp-hook.php(331): WP_Hook->apply_filters(NULL, Array)
#6 /var/www/html/wp-includes/plugin.php(522): WP_Hook->do_action(Array)
#7 /var/www/html/wp-includes/class-wp.php(396): do_action_ref_array('parse_request', Array)
#8 /var/www/html/wp-includes/class-wp., em /var/www/html/wp-content/plugins/api-diamond-nautica/api-diamond-nautica.php, na linha 32

2022-03-11T19:39:57+00:00 CRITICAL Uncaught Error: Call to undefined method WP_Post::get_price_html() in /var/www/html/wp-content/plugins/api-diamond-nautica/api-diamond-nautica.php:37
Stack trace:
#0 /var/www/html/wp-includes/rest-api/class-wp-rest-server.php(1141): respond_message(Object(WP_REST_Request))
#1 /var/www/html/wp-includes/rest-api/class-wp-rest-server.php(988): WP_REST_Server->respond_to_request(Object(WP_REST_Request), '/api-diamond-na...', Array, NULL)
#2 /var/www/html/wp-includes/rest-api/class-wp-rest-server.php(414): WP_REST_Server->dispatch(Object(WP_REST_Request))
#3 /var/www/html/wp-includes/rest-api.php(386): WP_REST_Server->serve_request('/api-diamond-na...')
#4 /var/www/html/wp-includes/class-wp-hook.php(307): rest_api_loaded(Object(WP))
#5 /var/www/html/wp-includes/class-wp-hook.php(331): WP_Hook->apply_filters(NULL, Array)
#6 /var/www/html/wp-includes/plugin.php(522): WP_Hook->do_action(Array)
#7 /var/www/html/wp-includes/class-wp.php(396): do_action_ref_array('parse_request', Array)
#8 /var/www/html/wp-includes/clas, em /var/www/html/wp-content/plugins/api-diamond-nautica/api-diamond-nautica.php, na linha 37

2022-03-11T19:40:22+00:00 CRITICAL Uncaught Error: Call to undefined method WP_Post::get_price_html() in /var/www/html/wp-content/plugins/api-diamond-nautica/api-diamond-nautica.php:37
Stack trace:
#0 /var/www/html/wp-includes/rest-api/class-wp-rest-server.php(1141): respond_message(Object(WP_REST_Request))
#1 /var/www/html/wp-includes/rest-api/class-wp-rest-server.php(988): WP_REST_Server->respond_to_request(Object(WP_REST_Request), '/api-diamond-na...', Array, NULL)
#2 /var/www/html/wp-includes/rest-api/class-wp-rest-server.php(414): WP_REST_Server->dispatch(Object(WP_REST_Request))
#3 /var/www/html/wp-includes/rest-api.php(386): WP_REST_Server->serve_request('/api-diamond-na...')
#4 /var/www/html/wp-includes/class-wp-hook.php(307): rest_api_loaded(Object(WP))
#5 /var/www/html/wp-includes/class-wp-hook.php(331): WP_Hook->apply_filters(NULL, Array)
#6 /var/www/html/wp-includes/plugin.php(522): WP_Hook->do_action(Array)
#7 /var/www/html/wp-includes/class-wp.php(396): do_action_ref_array('parse_request', Array)
#8 /var/www/html/wp-includes/clas, em /var/www/html/wp-content/plugins/api-diamond-nautica/api-diamond-nautica.php, na linha 37

2022-03-11T19:48:22+00:00 CRITICAL Uncaught Error: Call to a member function get_price() on null in /var/www/html/wp-content/plugins/api-diamond-nautica/api-diamond-nautica.php:22
Stack trace:
#0 /var/www/html/wp-includes/rest-api/class-wp-rest-server.php(1141): respond_message(Object(WP_REST_Request))
#1 /var/www/html/wp-includes/rest-api/class-wp-rest-server.php(988): WP_REST_Server->respond_to_request(Object(WP_REST_Request), '/api-diamond-na...', Array, NULL)
#2 /var/www/html/wp-includes/rest-api/class-wp-rest-server.php(414): WP_REST_Server->dispatch(Object(WP_REST_Request))
#3 /var/www/html/wp-includes/rest-api.php(386): WP_REST_Server->serve_request('/api-diamond-na...')
#4 /var/www/html/wp-includes/class-wp-hook.php(307): rest_api_loaded(Object(WP))
#5 /var/www/html/wp-includes/class-wp-hook.php(331): WP_Hook->apply_filters(NULL, Array)
#6 /var/www/html/wp-includes/plugin.php(522): WP_Hook->do_action(Array)
#7 /var/www/html/wp-includes/class-wp.php(396): do_action_ref_array('parse_request', Array)
#8 /var/www/html/wp-includes/class-wp., em /var/www/html/wp-content/plugins/api-diamond-nautica/api-diamond-nautica.php, na linha 22

2022-03-11T19:58:07+00:00 CRITICAL Uncaught Error: Call to a member function get_regular_price() on null in /var/www/html/wp-content/plugins/api-diamond-nautica/api-diamond-nautica.php:39
Stack trace:
#0 /var/www/html/wp-includes/rest-api/class-wp-rest-server.php(1141): respond_message(Object(WP_REST_Request))
#1 /var/www/html/wp-includes/rest-api/class-wp-rest-server.php(988): WP_REST_Server->respond_to_request(Object(WP_REST_Request), '/api-diamond-na...', Array, NULL)
#2 /var/www/html/wp-includes/rest-api/class-wp-rest-server.php(414): WP_REST_Server->dispatch(Object(WP_REST_Request))
#3 /var/www/html/wp-includes/rest-api.php(386): WP_REST_Server->serve_request('/api-diamond-na...')
#4 /var/www/html/wp-includes/class-wp-hook.php(307): rest_api_loaded(Object(WP))
#5 /var/www/html/wp-includes/class-wp-hook.php(331): WP_Hook->apply_filters(NULL, Array)
#6 /var/www/html/wp-includes/plugin.php(522): WP_Hook->do_action(Array)
#7 /var/www/html/wp-includes/class-wp.php(396): do_action_ref_array('parse_request', Array)
#8 /var/www/html/wp-includes/c, em /var/www/html/wp-content/plugins/api-diamond-nautica/api-diamond-nautica.php, na linha 39

