2022-03-30T13:01:41+00:00 CRITICAL Uncaught Error: Call to a member function get_price_html() on null in /var/www/html/wp-content/plugins/api-diamond-nautica/api-diamond-nautica.php:28
Stack trace:
#0 /var/www/html/wp-includes/rest-api/class-wp-rest-server.php(1141): respond_message(Object(WP_REST_Request))
#1 /var/www/html/wp-includes/rest-api/class-wp-rest-server.php(988): WP_REST_Server->respond_to_request(Object(WP_REST_Request), '/api-diamond-na...', Array, NULL)
#2 /var/www/html/wp-includes/rest-api/class-wp-rest-server.php(414): WP_REST_Server->dispatch(Object(WP_REST_Request))
#3 /var/www/html/wp-includes/rest-api.php(386): WP_REST_Server->serve_request('/api-diamond-na...')
#4 /var/www/html/wp-includes/class-wp-hook.php(307): rest_api_loaded(Object(WP))
#5 /var/www/html/wp-includes/class-wp-hook.php(331): WP_Hook->apply_filters(NULL, Array)
#6 /var/www/html/wp-includes/plugin.php(522): WP_Hook->do_action(Array)
#7 /var/www/html/wp-includes/class-wp.php(396): do_action_ref_array('parse_request', Array)
#8 /var/www/html/wp-includes/clas, em /var/www/html/wp-content/plugins/api-diamond-nautica/api-diamond-nautica.php, na linha 28

2022-03-30T13:03:18+00:00 CRITICAL Uncaught Error: Call to a member function get_price_html() on null in /var/www/html/wp-content/plugins/api-diamond-nautica/api-diamond-nautica.php:28
Stack trace:
#0 /var/www/html/wp-includes/rest-api/class-wp-rest-server.php(1141): respond_message(Object(WP_REST_Request))
#1 /var/www/html/wp-includes/rest-api/class-wp-rest-server.php(988): WP_REST_Server->respond_to_request(Object(WP_REST_Request), '/api-diamond-na...', Array, NULL)
#2 /var/www/html/wp-includes/rest-api/class-wp-rest-server.php(414): WP_REST_Server->dispatch(Object(WP_REST_Request))
#3 /var/www/html/wp-includes/rest-api.php(386): WP_REST_Server->serve_request('/api-diamond-na...')
#4 /var/www/html/wp-includes/class-wp-hook.php(307): rest_api_loaded(Object(WP))
#5 /var/www/html/wp-includes/class-wp-hook.php(331): WP_Hook->apply_filters(NULL, Array)
#6 /var/www/html/wp-includes/plugin.php(522): WP_Hook->do_action(Array)
#7 /var/www/html/wp-includes/class-wp.php(396): do_action_ref_array('parse_request', Array)
#8 /var/www/html/wp-includes/clas, em /var/www/html/wp-content/plugins/api-diamond-nautica/api-diamond-nautica.php, na linha 28

2022-03-30T13:05:05+00:00 CRITICAL Uncaught Error: Call to a member function get_price_html() on null in /var/www/html/wp-content/plugins/api-diamond-nautica/api-diamond-nautica.php:28
Stack trace:
#0 /var/www/html/wp-includes/rest-api/class-wp-rest-server.php(1141): respond_message(Object(WP_REST_Request))
#1 /var/www/html/wp-includes/rest-api/class-wp-rest-server.php(988): WP_REST_Server->respond_to_request(Object(WP_REST_Request), '/api-diamond-na...', Array, NULL)
#2 /var/www/html/wp-includes/rest-api/class-wp-rest-server.php(414): WP_REST_Server->dispatch(Object(WP_REST_Request))
#3 /var/www/html/wp-includes/rest-api.php(386): WP_REST_Server->serve_request('/api-diamond-na...')
#4 /var/www/html/wp-includes/class-wp-hook.php(307): rest_api_loaded(Object(WP))
#5 /var/www/html/wp-includes/class-wp-hook.php(331): WP_Hook->apply_filters(NULL, Array)
#6 /var/www/html/wp-includes/plugin.php(522): WP_Hook->do_action(Array)
#7 /var/www/html/wp-includes/class-wp.php(396): do_action_ref_array('parse_request', Array)
#8 /var/www/html/wp-includes/clas, em /var/www/html/wp-content/plugins/api-diamond-nautica/api-diamond-nautica.php, na linha 28

2022-03-30T13:10:13+00:00 CRITICAL Uncaught Error: Call to a member function get_price() on null in /var/www/html/wp-content/plugins/api-diamond-nautica/api-diamond-nautica.php:28
Stack trace:
#0 /var/www/html/wp-includes/rest-api/class-wp-rest-server.php(1141): respond_message(Object(WP_REST_Request))
#1 /var/www/html/wp-includes/rest-api/class-wp-rest-server.php(988): WP_REST_Server->respond_to_request(Object(WP_REST_Request), '/api-diamond-na...', Array, NULL)
#2 /var/www/html/wp-includes/rest-api/class-wp-rest-server.php(414): WP_REST_Server->dispatch(Object(WP_REST_Request))
#3 /var/www/html/wp-includes/rest-api.php(386): WP_REST_Server->serve_request('/api-diamond-na...')
#4 /var/www/html/wp-includes/class-wp-hook.php(307): rest_api_loaded(Object(WP))
#5 /var/www/html/wp-includes/class-wp-hook.php(331): WP_Hook->apply_filters(NULL, Array)
#6 /var/www/html/wp-includes/plugin.php(522): WP_Hook->do_action(Array)
#7 /var/www/html/wp-includes/class-wp.php(396): do_action_ref_array('parse_request', Array)
#8 /var/www/html/wp-includes/class-wp., em /var/www/html/wp-content/plugins/api-diamond-nautica/api-diamond-nautica.php, na linha 28

2022-03-30T13:15:52+00:00 CRITICAL Uncaught Error: Call to a member function get_price() on null in /var/www/html/wp-content/plugins/api-diamond-nautica/api-diamond-nautica.php:43
Stack trace:
#0 /var/www/html/wp-includes/rest-api/class-wp-rest-server.php(1141): respond_message(Object(WP_REST_Request))
#1 /var/www/html/wp-includes/rest-api/class-wp-rest-server.php(988): WP_REST_Server->respond_to_request(Object(WP_REST_Request), '/api-diamond-na...', Array, NULL)
#2 /var/www/html/wp-includes/rest-api/class-wp-rest-server.php(414): WP_REST_Server->dispatch(Object(WP_REST_Request))
#3 /var/www/html/wp-includes/rest-api.php(386): WP_REST_Server->serve_request('/api-diamond-na...')
#4 /var/www/html/wp-includes/class-wp-hook.php(307): rest_api_loaded(Object(WP))
#5 /var/www/html/wp-includes/class-wp-hook.php(331): WP_Hook->apply_filters(NULL, Array)
#6 /var/www/html/wp-includes/plugin.php(522): WP_Hook->do_action(Array)
#7 /var/www/html/wp-includes/class-wp.php(396): do_action_ref_array('parse_request', Array)
#8 /var/www/html/wp-includes/class-wp., em /var/www/html/wp-content/plugins/api-diamond-nautica/api-diamond-nautica.php, na linha 43

2022-03-30T13:18:47+00:00 CRITICAL Uncaught Error: Call to a member function get_price_html() on null in /var/www/html/wp-content/plugins/api-diamond-nautica/api-diamond-nautica.php:41
Stack trace:
#0 /var/www/html/wp-includes/rest-api/class-wp-rest-server.php(1141): respond_message(Object(WP_REST_Request))
#1 /var/www/html/wp-includes/rest-api/class-wp-rest-server.php(988): WP_REST_Server->respond_to_request(Object(WP_REST_Request), '/api-diamond-na...', Array, NULL)
#2 /var/www/html/wp-includes/rest-api/class-wp-rest-server.php(414): WP_REST_Server->dispatch(Object(WP_REST_Request))
#3 /var/www/html/wp-includes/rest-api.php(386): WP_REST_Server->serve_request('/api-diamond-na...')
#4 /var/www/html/wp-includes/class-wp-hook.php(307): rest_api_loaded(Object(WP))
#5 /var/www/html/wp-includes/class-wp-hook.php(331): WP_Hook->apply_filters(NULL, Array)
#6 /var/www/html/wp-includes/plugin.php(522): WP_Hook->do_action(Array)
#7 /var/www/html/wp-includes/class-wp.php(396): do_action_ref_array('parse_request', Array)
#8 /var/www/html/wp-includes/clas, em /var/www/html/wp-content/plugins/api-diamond-nautica/api-diamond-nautica.php, na linha 41

2022-03-30T13:19:24+00:00 CRITICAL Uncaught Error: Call to a member function get_price_html() on null in /var/www/html/wp-content/plugins/api-diamond-nautica/api-diamond-nautica.php:41
Stack trace:
#0 /var/www/html/wp-includes/rest-api/class-wp-rest-server.php(1141): respond_message(Object(WP_REST_Request))
#1 /var/www/html/wp-includes/rest-api/class-wp-rest-server.php(988): WP_REST_Server->respond_to_request(Object(WP_REST_Request), '/api-diamond-na...', Array, NULL)
#2 /var/www/html/wp-includes/rest-api/class-wp-rest-server.php(414): WP_REST_Server->dispatch(Object(WP_REST_Request))
#3 /var/www/html/wp-includes/rest-api.php(386): WP_REST_Server->serve_request('/api-diamond-na...')
#4 /var/www/html/wp-includes/class-wp-hook.php(307): rest_api_loaded(Object(WP))
#5 /var/www/html/wp-includes/class-wp-hook.php(331): WP_Hook->apply_filters(NULL, Array)
#6 /var/www/html/wp-includes/plugin.php(522): WP_Hook->do_action(Array)
#7 /var/www/html/wp-includes/class-wp.php(396): do_action_ref_array('parse_request', Array)
#8 /var/www/html/wp-includes/clas, em /var/www/html/wp-content/plugins/api-diamond-nautica/api-diamond-nautica.php, na linha 41

2022-03-30T13:20:24+00:00 CRITICAL Uncaught Error: Call to a member function get_price_html() on null in /var/www/html/wp-content/plugins/api-diamond-nautica/api-diamond-nautica.php:41
Stack trace:
#0 /var/www/html/wp-includes/rest-api/class-wp-rest-server.php(1141): respond_message(Object(WP_REST_Request))
#1 /var/www/html/wp-includes/rest-api/class-wp-rest-server.php(988): WP_REST_Server->respond_to_request(Object(WP_REST_Request), '/api-diamond-na...', Array, NULL)
#2 /var/www/html/wp-includes/rest-api/class-wp-rest-server.php(414): WP_REST_Server->dispatch(Object(WP_REST_Request))
#3 /var/www/html/wp-includes/rest-api.php(386): WP_REST_Server->serve_request('/api-diamond-na...')
#4 /var/www/html/wp-includes/class-wp-hook.php(307): rest_api_loaded(Object(WP))
#5 /var/www/html/wp-includes/class-wp-hook.php(331): WP_Hook->apply_filters(NULL, Array)
#6 /var/www/html/wp-includes/plugin.php(522): WP_Hook->do_action(Array)
#7 /var/www/html/wp-includes/class-wp.php(396): do_action_ref_array('parse_request', Array)
#8 /var/www/html/wp-includes/clas, em /var/www/html/wp-content/plugins/api-diamond-nautica/api-diamond-nautica.php, na linha 41

2022-03-30T13:21:46+00:00 CRITICAL Uncaught Error: Call to a member function get_price() on null in /var/www/html/wp-content/plugins/api-diamond-nautica/api-diamond-nautica.php:41
Stack trace:
#0 /var/www/html/wp-includes/rest-api/class-wp-rest-server.php(1141): respond_message(Object(WP_REST_Request))
#1 /var/www/html/wp-includes/rest-api/class-wp-rest-server.php(988): WP_REST_Server->respond_to_request(Object(WP_REST_Request), '/api-diamond-na...', Array, NULL)
#2 /var/www/html/wp-includes/rest-api/class-wp-rest-server.php(414): WP_REST_Server->dispatch(Object(WP_REST_Request))
#3 /var/www/html/wp-includes/rest-api.php(386): WP_REST_Server->serve_request('/api-diamond-na...')
#4 /var/www/html/wp-includes/class-wp-hook.php(307): rest_api_loaded(Object(WP))
#5 /var/www/html/wp-includes/class-wp-hook.php(331): WP_Hook->apply_filters(NULL, Array)
#6 /var/www/html/wp-includes/plugin.php(522): WP_Hook->do_action(Array)
#7 /var/www/html/wp-includes/class-wp.php(396): do_action_ref_array('parse_request', Array)
#8 /var/www/html/wp-includes/class-wp., em /var/www/html/wp-content/plugins/api-diamond-nautica/api-diamond-nautica.php, na linha 41

2022-03-30T13:22:26+00:00 CRITICAL Uncaught Error: Call to a member function get_regular_price() on null in /var/www/html/wp-content/plugins/api-diamond-nautica/api-diamond-nautica.php:41
Stack trace:
#0 /var/www/html/wp-includes/rest-api/class-wp-rest-server.php(1141): respond_message(Object(WP_REST_Request))
#1 /var/www/html/wp-includes/rest-api/class-wp-rest-server.php(988): WP_REST_Server->respond_to_request(Object(WP_REST_Request), '/api-diamond-na...', Array, NULL)
#2 /var/www/html/wp-includes/rest-api/class-wp-rest-server.php(414): WP_REST_Server->dispatch(Object(WP_REST_Request))
#3 /var/www/html/wp-includes/rest-api.php(386): WP_REST_Server->serve_request('/api-diamond-na...')
#4 /var/www/html/wp-includes/class-wp-hook.php(307): rest_api_loaded(Object(WP))
#5 /var/www/html/wp-includes/class-wp-hook.php(331): WP_Hook->apply_filters(NULL, Array)
#6 /var/www/html/wp-includes/plugin.php(522): WP_Hook->do_action(Array)
#7 /var/www/html/wp-includes/class-wp.php(396): do_action_ref_array('parse_request', Array)
#8 /var/www/html/wp-includes/c, em /var/www/html/wp-content/plugins/api-diamond-nautica/api-diamond-nautica.php, na linha 41

2022-03-30T14:48:18+00:00 CRITICAL Uncaught Error: Call to undefined method WooCommerce::get() in /var/www/html/wp-content/plugins/api-diamond-nautica/api-diamond-nautica.php:34
Stack trace:
#0 /var/www/html/wp-includes/rest-api/class-wp-rest-server.php(1141): respond_message(Object(WP_REST_Request))
#1 /var/www/html/wp-includes/rest-api/class-wp-rest-server.php(988): WP_REST_Server->respond_to_request(Object(WP_REST_Request), '/api-diamond-na...', Array, NULL)
#2 /var/www/html/wp-includes/rest-api/class-wp-rest-server.php(414): WP_REST_Server->dispatch(Object(WP_REST_Request))
#3 /var/www/html/wp-includes/rest-api.php(386): WP_REST_Server->serve_request('/api-diamond-na...')
#4 /var/www/html/wp-includes/class-wp-hook.php(307): rest_api_loaded(Object(WP))
#5 /var/www/html/wp-includes/class-wp-hook.php(331): WP_Hook->apply_filters(NULL, Array)
#6 /var/www/html/wp-includes/plugin.php(522): WP_Hook->do_action(Array)
#7 /var/www/html/wp-includes/class-wp.php(396): do_action_ref_array('parse_request', Array)
#8 /var/www/html/wp-includes/class-wp.ph, em /var/www/html/wp-content/plugins/api-diamond-nautica/api-diamond-nautica.php, na linha 34

2022-03-30T14:52:16+00:00 CRITICAL Uncaught Error: Call to a member function get() on null in /var/www/html/wp-content/plugins/api-diamond-nautica/api-diamond-nautica.php:34
Stack trace:
#0 /var/www/html/wp-includes/rest-api/class-wp-rest-server.php(1141): respond_message(Object(WP_REST_Request))
#1 /var/www/html/wp-includes/rest-api/class-wp-rest-server.php(988): WP_REST_Server->respond_to_request(Object(WP_REST_Request), '/api-diamond-na...', Array, NULL)
#2 /var/www/html/wp-includes/rest-api/class-wp-rest-server.php(414): WP_REST_Server->dispatch(Object(WP_REST_Request))
#3 /var/www/html/wp-includes/rest-api.php(386): WP_REST_Server->serve_request('/api-diamond-na...')
#4 /var/www/html/wp-includes/class-wp-hook.php(307): rest_api_loaded(Object(WP))
#5 /var/www/html/wp-includes/class-wp-hook.php(331): WP_Hook->apply_filters(NULL, Array)
#6 /var/www/html/wp-includes/plugin.php(522): WP_Hook->do_action(Array)
#7 /var/www/html/wp-includes/class-wp.php(396): do_action_ref_array('parse_request', Array)
#8 /var/www/html/wp-includes/class-wp.php(75, em /var/www/html/wp-content/plugins/api-diamond-nautica/api-diamond-nautica.php, na linha 34

2022-03-30T14:52:47+00:00 CRITICAL Uncaught Error: Call to a member function get_posts() on null in /var/www/html/wp-content/plugins/api-diamond-nautica/api-diamond-nautica.php:34
Stack trace:
#0 /var/www/html/wp-includes/rest-api/class-wp-rest-server.php(1141): respond_message(Object(WP_REST_Request))
#1 /var/www/html/wp-includes/rest-api/class-wp-rest-server.php(988): WP_REST_Server->respond_to_request(Object(WP_REST_Request), '/api-diamond-na...', Array, NULL)
#2 /var/www/html/wp-includes/rest-api/class-wp-rest-server.php(414): WP_REST_Server->dispatch(Object(WP_REST_Request))
#3 /var/www/html/wp-includes/rest-api.php(386): WP_REST_Server->serve_request('/api-diamond-na...')
#4 /var/www/html/wp-includes/class-wp-hook.php(307): rest_api_loaded(Object(WP))
#5 /var/www/html/wp-includes/class-wp-hook.php(331): WP_Hook->apply_filters(NULL, Array)
#6 /var/www/html/wp-includes/plugin.php(522): WP_Hook->do_action(Array)
#7 /var/www/html/wp-includes/class-wp.php(396): do_action_ref_array('parse_request', Array)
#8 /var/www/html/wp-includes/class-wp., em /var/www/html/wp-content/plugins/api-diamond-nautica/api-diamond-nautica.php, na linha 34

